<?xml version="1.0" encoding="utf-8"?><testsuites name="pytest tests"><testsuite name="pytest" errors="0" failures="1" skipped="0" tests="17" time="18.682" timestamp="2026-02-23T10:18:21.565776+00:00" hostname="agent-env-c78a0c34-51c9-4ef6-aea6-d51ae7e73b65"><testcase classname="tests.test_admin_performance_regression.TestAdminAuth" name="test_admin_login" time="2.671" /><testcase classname="tests.test_admin_performance_regression.TestOverviewSection" name="test_notification_counts_performance" time="1.272" /><testcase classname="tests.test_admin_performance_regression.TestUsersSection" name="test_users_list_performance" time="1.361" /><testcase classname="tests.test_admin_performance_regression.TestUsersSection" name="test_users_search" time="0.712" /><testcase classname="tests.test_admin_performance_regression.TestKYCSection" name="test_kyc_pending_list" time="1.080" /><testcase classname="tests.test_admin_performance_regression.TestAccountsSection" name="test_accounts_list" time="0.692"><failure message="AssertionError: Accounts list failed: {&quot;detail&quot;:&quot;Not Found&quot;}&#10;assert 404 == 200&#10; +  where 404 = &lt;Response [404]&gt;.status_code">tests/test_admin_performance_regression.py:172: in test_accounts_list
    assert response.status_code == 200, f"Accounts list failed: {response.text}"
E   AssertionError: Accounts list failed: {"detail":"Not Found"}
E   assert 404 == 200
E    +  where 404 = &lt;Response [404]&gt;.status_code</failure></testcase><testcase classname="tests.test_admin_performance_regression.TestCardRequestsSection" name="test_card_requests_pending" time="1.265" /><testcase classname="tests.test_admin_performance_regression.TestCardRequestsSection" name="test_card_requests_fulfilled" time="0.542" /><testcase classname="tests.test_admin_performance_regression.TestCardRequestsSection" name="test_card_requests_rejected" time="0.551" /><testcase classname="tests.test_admin_performance_regression.TestCardRequestsSection" name="test_card_requests_search" time="0.653" /><testcase classname="tests.test_admin_performance_regression.TestTransfersSection" name="test_transfers_submitted" time="1.492" /><testcase classname="tests.test_admin_performance_regression.TestTransfersSection" name="test_transfers_completed" time="0.761" /><testcase classname="tests.test_admin_performance_regression.TestTransfersSection" name="test_transfers_rejected" time="0.891" /><testcase classname="tests.test_admin_performance_regression.TestTransfersSection" name="test_transfers_search" time="0.998" /><testcase classname="tests.test_admin_performance_regression.TestSupportTicketsSection" name="test_tickets_list" time="1.421" /><testcase classname="tests.test_admin_performance_regression.TestAuditLogsSection" name="test_audit_logs_list" time="1.182" /><testcase classname="tests.test_admin_performance_regression.TestNotificationBadges" name="test_mark_section_seen" time="1.035" /></testsuite></testsuites>