<?xml version="1.0" encoding="utf-8"?><testsuites name="pytest tests"><testsuite name="pytest" errors="0" failures="0" skipped="0" tests="11" time="6.818" timestamp="2026-02-18T15:00:17.857796+00:00" hostname="agent-env-df2cf8a1-9b8d-4a20-bd4d-4d3f98abb4d2"><testcase classname="backend.tests.test_admin_delete_user.TestAdminDeleteUserEndpoint" name="test_endpoint_exists" time="1.195" /><testcase classname="backend.tests.test_admin_delete_user.TestAdminDeleteUserEndpoint" name="test_404_for_nonexistent_user" time="0.335" /><testcase classname="backend.tests.test_admin_delete_user.TestAdminDeleteUserEndpoint" name="test_404_for_invalid_objectid" time="0.345" /><testcase classname="backend.tests.test_admin_delete_user.TestAdminDeleteUserEndpoint" name="test_requires_authentication" time="0.132" /><testcase classname="backend.tests.test_admin_delete_user.TestAdminDeleteUserEndpoint" name="test_requires_super_admin_role" time="0.362" /><testcase classname="backend.tests.test_admin_delete_user.TestAdminDeleteUserEndpoint" name="test_prevents_deleting_admin_accounts" time="0.757" /><testcase classname="backend.tests.test_admin_delete_user.TestAdminDeleteUserEndpoint" name="test_response_format_on_404" time="0.345" /><testcase classname="backend.tests.test_admin_delete_user.TestDeleteUserUIIntegration" name="test_users_list_accessible" time="1.338" /><testcase classname="backend.tests.test_admin_delete_user.TestDeleteUserUIIntegration" name="test_user_details_accessible" time="1.292" /><testcase classname="backend.tests.test_admin_delete_user.TestResponseStructure" name="test_success_response_would_include_deleted_true" time="0.659" /><testcase classname="backend.tests.test_admin_delete_user.TestResponseStructure" name="test_frontend_checks_both_success_and_deleted" time="0.000" /></testsuite></testsuites>