<?xml version="1.0" encoding="utf-8"?><testsuites name="pytest tests"><testsuite name="pytest" errors="0" failures="0" skipped="0" tests="28" time="21.114" timestamp="2026-02-20T15:48:12.744018+00:00" hostname="agent-env-b6cb88b6-fcdc-4a4a-9924-ea5ab97a8636"><testcase classname="backend.tests.test_admin_transfers_pagination.TestPaginationBasics" name="test_default_pagination_params" time="1.394" /><testcase classname="backend.tests.test_admin_transfers_pagination.TestPaginationBasics" name="test_pagination_with_explicit_params" time="0.736" /><testcase classname="backend.tests.test_admin_transfers_pagination.TestPaginationBasics" name="test_page_size_20" time="0.635" /><testcase classname="backend.tests.test_admin_transfers_pagination.TestPaginationBasics" name="test_page_size_50" time="0.654" /><testcase classname="backend.tests.test_admin_transfers_pagination.TestPaginationBasics" name="test_page_size_100" time="0.740" /><testcase classname="backend.tests.test_admin_transfers_pagination.TestPaginationBasics" name="test_invalid_page_size_defaults_to_20" time="0.621" /><testcase classname="backend.tests.test_admin_transfers_pagination.TestPaginationBasics" name="test_negative_page_size_defaults_to_20" time="0.610" /><testcase classname="backend.tests.test_admin_transfers_pagination.TestPaginationWithStatus" name="test_submitted_status_pagination" time="0.639" /><testcase classname="backend.tests.test_admin_transfers_pagination.TestPaginationWithStatus" name="test_completed_status_pagination" time="0.645" /><testcase classname="backend.tests.test_admin_transfers_pagination.TestPaginationWithStatus" name="test_rejected_status_pagination" time="0.639" /><testcase classname="backend.tests.test_admin_transfers_pagination.TestPaginationNavigation" name="test_has_next_when_more_pages" time="0.633" /><testcase classname="backend.tests.test_admin_transfers_pagination.TestPaginationNavigation" name="test_first_page_no_prev" time="0.638" /><testcase classname="backend.tests.test_admin_transfers_pagination.TestPaginationNavigation" name="test_page_2_has_prev" time="1.229" /><testcase classname="backend.tests.test_admin_transfers_pagination.TestPaginationNavigation" name="test_total_pages_calculation" time="0.614" /><testcase classname="backend.tests.test_admin_transfers_pagination.TestPaginationNavigation" name="test_navigate_to_last_page" time="1.288" /><testcase classname="backend.tests.test_admin_transfers_pagination.TestSearchWithPagination" name="test_search_returns_pagination" time="0.726" /><testcase classname="backend.tests.test_admin_transfers_pagination.TestSearchWithPagination" name="test_search_mode_flag" time="0.721" /><testcase classname="backend.tests.test_admin_transfers_pagination.TestSearchWithPagination" name="test_search_ignores_status_filter" time="0.731" /><testcase classname="backend.tests.test_admin_transfers_pagination.TestSearchWithPagination" name="test_search_with_page_size" time="0.772" /><testcase classname="backend.tests.test_admin_transfers_pagination.TestSearchWithPagination" name="test_search_pagination_navigation" time="1.440" /><testcase classname="backend.tests.test_admin_transfers_pagination.TestSearchWithPagination" name="test_empty_search_returns_status_filtered" time="0.603" /><testcase classname="backend.tests.test_admin_transfers_pagination.TestPaginationResponseStructure" name="test_response_structure" time="0.646" /><testcase classname="backend.tests.test_admin_transfers_pagination.TestPaginationResponseStructure" name="test_transfers_data_structure" time="0.621" /><testcase classname="backend.tests.test_admin_transfers_pagination.TestEdgeCases" name="test_page_beyond_total_pages" time="1.194" /><testcase classname="backend.tests.test_admin_transfers_pagination.TestEdgeCases" name="test_page_zero" time="0.603" /><testcase classname="backend.tests.test_admin_transfers_pagination.TestEdgeCases" name="test_negative_page" time="0.611" /><testcase classname="backend.tests.test_admin_transfers_pagination.TestEdgeCases" name="test_no_results_pagination" time="0.500" /><testcase classname="backend.tests.test_admin_transfers_pagination.TestRequiresAuthentication" name="test_unauthenticated_request" time="0.160" /></testsuite></testsuites>