<?xml version="1.0" encoding="utf-8"?><testsuites name="pytest tests"><testsuite name="pytest" errors="0" failures="1" skipped="0" tests="19" time="24.923" timestamp="2026-02-24T08:33:37.878883+00:00" hostname="agent-env-b4460a28-dc6f-4d79-8238-4521e43a16d7"><testcase classname="backend.tests.test_all_extracted_routers.TestLoginAndAuth" name="test_login_success" time="3.485" /><testcase classname="backend.tests.test_all_extracted_routers.TestLoginAndAuth" name="test_login_invalid_credentials" time="0.578" /><testcase classname="backend.tests.test_all_extracted_routers.TestLoginAndAuth" name="test_auth_me_endpoint" time="1.087"><failure message="AssertionError: Expected 200, got 404: {&quot;detail&quot;:&quot;User not found&quot;}&#10;assert 404 == 200&#10; +  where 404 = &lt;Response [404]&gt;.status_code">backend/tests/test_all_extracted_routers.py:81: in test_auth_me_endpoint
    assert response.status_code == 200, f"Expected 200, got {response.status_code}: {response.text}"
E   AssertionError: Expected 200, got 404: {"detail":"User not found"}
E   assert 404 == 200
E    +  where 404 = &lt;Response [404]&gt;.status_code</failure></testcase><testcase classname="backend.tests.test_all_extracted_routers.TestAnalyticsRouter" name="test_analytics_overview" time="1.704" /><testcase classname="backend.tests.test_all_extracted_routers.TestAnalyticsRouter" name="test_analytics_monthly" time="1.088" /><testcase classname="backend.tests.test_all_extracted_routers.TestNotificationsRouter" name="test_admin_notification_counts" time="1.218" /><testcase classname="backend.tests.test_all_extracted_routers.TestNotificationsRouter" name="test_user_notifications" time="0.988" /><testcase classname="backend.tests.test_all_extracted_routers.TestCardsRouter" name="test_user_card_requests" time="1.070" /><testcase classname="backend.tests.test_all_extracted_routers.TestCardsRouter" name="test_user_cards" time="1.067" /><testcase classname="backend.tests.test_all_extracted_routers.TestCardsRouter" name="test_admin_card_requests" time="1.217" /><testcase classname="backend.tests.test_all_extracted_routers.TestAccountsRouter" name="test_user_accounts" time="1.107" /><testcase classname="backend.tests.test_all_extracted_routers.TestAccountsRouter" name="test_admin_accounts_with_users" time="6.950" /><testcase classname="backend.tests.test_all_extracted_routers.TestTransfersInServerPy" name="test_user_transfers" time="1.201" /><testcase classname="backend.tests.test_all_extracted_routers.TestTransfersInServerPy" name="test_admin_transfers" time="1.379" /><testcase classname="backend.tests.test_all_extracted_routers.TestAuthorizationRequired" name="test_analytics_overview_requires_auth" time="0.146" /><testcase classname="backend.tests.test_all_extracted_routers.TestAuthorizationRequired" name="test_notification_counts_requires_auth" time="0.102" /><testcase classname="backend.tests.test_all_extracted_routers.TestAuthorizationRequired" name="test_admin_card_requests_requires_auth" time="0.104" /><testcase classname="backend.tests.test_all_extracted_routers.TestAuthorizationRequired" name="test_admin_accounts_requires_auth" time="0.144" /><testcase classname="backend.tests.test_all_extracted_routers.TestAuthorizationRequired" name="test_admin_transfers_requires_auth" time="0.114" /></testsuite></testsuites>