<?xml version="1.0" encoding="utf-8"?><testsuites name="pytest tests"><testsuite name="pytest" errors="0" failures="0" skipped="0" tests="17" time="18.250" timestamp="2026-02-23T17:47:53.773969+00:00" hostname="agent-env-b4460a28-dc6f-4d79-8238-4521e43a16d7"><testcase classname="tests.test_auth_extraction.TestAuthLogin" name="test_login_valid_credentials_returns_200" time="2.551" /><testcase classname="tests.test_auth_extraction.TestAuthLogin" name="test_login_invalid_credentials_returns_401" time="0.452" /><testcase classname="tests.test_auth_extraction.TestAuthLogin" name="test_login_invalid_email_format_returns_422" time="0.263" /><testcase classname="tests.test_auth_extraction.TestAuthLogout" name="test_logout_authenticated_returns_200" time="1.077" /><testcase classname="tests.test_auth_extraction.TestAuthMe" name="test_get_me_authenticated_returns_user_or_404" time="1.218" /><testcase classname="tests.test_auth_extraction.TestAuthMe" name="test_get_me_unauthenticated_returns_403" time="0.109" /><testcase classname="tests.test_auth_extraction.TestAuthVerifyPassword" name="test_verify_password_correct_returns_200" time="1.096" /><testcase classname="tests.test_auth_extraction.TestAuthVerifyPassword" name="test_verify_password_incorrect_returns_401" time="1.203" /><testcase classname="tests.test_auth_extraction.TestAuthForgotPassword" name="test_forgot_password_returns_200" time="0.739" /><testcase classname="tests.test_auth_extraction.TestAuthForgotPassword" name="test_forgot_password_nonexistent_email_returns_200" time="0.315" /><testcase classname="tests.test_auth_extraction.TestAuthResetPassword" name="test_reset_password_invalid_token_returns_400" time="0.244" /><testcase classname="tests.test_auth_extraction.TestAuthVerifyEmail" name="test_verify_email_invalid_token_returns_400" time="0.236" /><testcase classname="tests.test_auth_extraction.TestAuthResendVerification" name="test_resend_verification_returns_200" time="0.385" /><testcase classname="tests.test_auth_extraction.TestAuthMFASetup" name="test_mfa_setup_authenticated_returns_secret_or_404" time="1.443" /><testcase classname="tests.test_auth_extraction.TestAuthSignup" name="test_signup_duplicate_email_returns_400" time="0.492" /><testcase classname="tests.test_auth_extraction.TestAuthSignup" name="test_signup_missing_phone_returns_422" time="0.158" /><testcase classname="tests.test_auth_extraction.TestAuthRoutesParity" name="test_all_auth_routes_accessible" time="6.183" /></testsuite></testsuites>