<?xml version="1.0" encoding="utf-8"?><testsuites name="pytest tests"><testsuite name="pytest" errors="0" failures="0" skipped="0" tests="12" time="6.880" timestamp="2026-02-18T09:26:20.975790+00:00" hostname="agent-env-df2cf8a1-9b8d-4a20-bd4d-4d3f98abb4d2"><testcase classname="backend.tests.test_client_unread_counter.TestClientTicketListUnreadCount" name="test_tickets_endpoint_returns_unread_count_field" time="1.504" /><testcase classname="backend.tests.test_client_unread_counter.TestUnreadCountOnlyCountsStaffMessages" name="test_admin_ticket_contains_messages_with_is_staff_flag" time="0.485" /><testcase classname="backend.tests.test_client_unread_counter.TestMarkReadEndpoint" name="test_mark_read_endpoint_exists" time="0.323" /><testcase classname="backend.tests.test_client_unread_counter.TestMarkReadEndpoint" name="test_mark_read_returns_success_format" time="0.802" /><testcase classname="backend.tests.test_client_unread_counter.TestMarkReadAuthorization" name="test_mark_read_denies_non_owner" time="0.795" /><testcase classname="backend.tests.test_client_unread_counter.TestMarkReadAuthorization" name="test_mark_read_requires_authentication" time="0.102" /><testcase classname="backend.tests.test_client_unread_counter.TestAdminMarkReadEndpoint" name="test_admin_mark_read_endpoint_works" time="0.772" /><testcase classname="backend.tests.test_client_unread_counter.TestUnreadCountIntegration" name="test_get_tickets_endpoint_structure" time="0.452" /><testcase classname="backend.tests.test_client_unread_counter.TestUnreadCountIntegration" name="test_unread_count_data_types" time="0.490" /><testcase classname="backend.tests.test_client_unread_counter.TestTicketServiceLayer" name="test_admin_tickets_include_user_last_read_consideration" time="0.448" /><testcase classname="backend.tests.test_client_unread_counter.TestEdgeCases" name="test_mark_read_nonexistent_ticket_returns_404" time="0.327" /><testcase classname="backend.tests.test_client_unread_counter.TestEdgeCases" name="test_admin_mark_read_nonexistent_ticket_returns_404" time="0.319" /></testsuite></testsuites>