<?xml version="1.0" encoding="utf-8"?><testsuites name="pytest tests"><testsuite name="pytest" errors="0" failures="2" skipped="0" tests="10" time="14.453" timestamp="2026-03-03T14:38:15.743287+00:00" hostname="agent-env-c584bfb1-340b-4b9b-8997-8b284cb22f6a"><testcase classname="backend.tests.test_deployment_readiness.TestAuthEndpoints" name="test_01_user_login_success" time="3.390" /><testcase classname="backend.tests.test_deployment_readiness.TestAuthEndpoints" name="test_02_admin_login_success" time="0.627" /><testcase classname="backend.tests.test_deployment_readiness.TestUserDashboard" name="test_03_get_user_accounts" time="1.196" /><testcase classname="backend.tests.test_deployment_readiness.TestUserDashboard" name="test_04_get_user_transactions" time="0.785"><failure message="assert 404 == 200&#10; +  where 404 = &lt;Response [404]&gt;.status_code">backend/tests/test_deployment_readiness.py:76: in test_04_get_user_transactions
    assert response.status_code == 200
E   assert 404 == 200
E    +  where 404 = &lt;Response [404]&gt;.status_code</failure></testcase><testcase classname="backend.tests.test_deployment_readiness.TestAdminEndpoints" name="test_05_admin_users_list" time="1.236" /><testcase classname="backend.tests.test_deployment_readiness.TestAdminEndpoints" name="test_06_admin_create_user_endpoint_exists" time="0.850" /><testcase classname="backend.tests.test_deployment_readiness.TestAdminEndpoints" name="test_07_admin_view_user_details" time="1.963" /><testcase classname="backend.tests.test_deployment_readiness.TestAdminEndpoints" name="test_08_admin_overview_endpoint" time="2.170" /><testcase classname="backend.tests.test_deployment_readiness.TestAdminEndpoints" name="test_09_admin_kyc_queue_endpoint" time="0.743"><failure message="assert 404 == 200&#10; +  where 404 = &lt;Response [404]&gt;.status_code">backend/tests/test_deployment_readiness.py:158: in test_09_admin_kyc_queue_endpoint
    assert response.status_code == 200
E   assert 404 == 200
E    +  where 404 = &lt;Response [404]&gt;.status_code</failure></testcase><testcase classname="backend.tests.test_deployment_readiness.TestAdminEndpoints" name="test_10_admin_transfers_endpoint" time="1.410" /></testsuite></testsuites>