<?xml version="1.0" encoding="utf-8"?><testsuites name="pytest tests"><testsuite name="pytest" errors="0" failures="11" skipped="0" tests="23" time="5.796" timestamp="2026-02-17T13:55:11.560496+00:00" hostname="agent-env-3391ed47-c271-4e43-a27c-418dd09ed042"><testcase classname="tests.test_full_system_check.TestHealthEndpoints" name="test_root_health" time="0.232"><failure message="requests.exceptions.JSONDecodeError: Expecting value: line 1 column 1 (char 0)">/root/.venv/lib/python3.11/site-packages/requests/models.py:976: in json
    return complexjson.loads(self.text, **kwargs)
           ^^^^^^^^^^^^^^^^^^^^^^^^^^^^^^^^^^^^^^
/usr/local/lib/python3.11/json/__init__.py:346: in loads
    return _default_decoder.decode(s)
           ^^^^^^^^^^^^^^^^^^^^^^^^^^
/usr/local/lib/python3.11/json/decoder.py:337: in decode
    obj, end = self.raw_decode(s, idx=_w(s, 0).end())
               ^^^^^^^^^^^^^^^^^^^^^^^^^^^^^^^^^^^^^^
/usr/local/lib/python3.11/json/decoder.py:355: in raw_decode
    raise JSONDecodeError("Expecting value", s, err.value) from None
E   json.decoder.JSONDecodeError: Expecting value: line 1 column 1 (char 0)

During handling of the above exception, another exception occurred:
tests/test_full_system_check.py:73: in test_root_health
    data = response.json()
           ^^^^^^^^^^^^^^^
/root/.venv/lib/python3.11/site-packages/requests/models.py:980: in json
    raise RequestsJSONDecodeError(e.msg, e.doc, e.pos)
E   requests.exceptions.JSONDecodeError: Expecting value: line 1 column 1 (char 0)</failure></testcase><testcase classname="tests.test_full_system_check.TestHealthEndpoints" name="test_api_health" time="0.632" /><testcase classname="tests.test_full_system_check.TestHealthEndpoints" name="test_db_health" time="0.401" /><testcase classname="tests.test_full_system_check.TestAuthenticationFlow" name="test_01_signup_new_user" time="0.859" /><testcase classname="tests.test_full_system_check.TestAuthenticationFlow" name="test_02_login_unverified_user_fails" time="0.326" /><testcase classname="tests.test_full_system_check.TestAuthenticationFlow" name="test_03_admin_login" time="0.566" /><testcase classname="tests.test_full_system_check.TestAuthenticationFlow" name="test_04_invalid_credentials" time="0.288" /><testcase classname="tests.test_full_system_check.TestAuthenticationFlow" name="test_05_forgot_password_request" time="0.605" /><testcase classname="tests.test_full_system_check.TestKYCFlow" name="test_01_get_kyc_application_requires_auth" time="0.060" /><testcase classname="tests.test_full_system_check.TestKYCFlow" name="test_02_admin_get_pending_kyc" time="0.860" /><testcase classname="tests.test_full_system_check.TestBankAccountEndpoints" name="test_01_get_accounts_requires_auth" time="0.058" /><testcase classname="tests.test_full_system_check.TestBankAccountEndpoints" name="test_02_admin_get_all_accounts" time="0.065"><failure message="AssertionError: Get accounts failed: {&quot;detail&quot;:&quot;Not authenticated&quot;}&#10;assert 403 == 200&#10; +  where 403 = &lt;Response [403]&gt;.status_code">tests/test_full_system_check.py:186: in test_02_admin_get_all_accounts
    assert response.status_code == 200, f"Get accounts failed: {response.text}"
E   AssertionError: Get accounts failed: {"detail":"Not authenticated"}
E   assert 403 == 200
E    +  where 403 = &lt;Response [403]&gt;.status_code</failure></testcase><testcase classname="tests.test_full_system_check.TestTransfersEndpoints" name="test_01_admin_get_transfers" time="0.058"><failure message="AssertionError: Get transfers failed: {&quot;detail&quot;:&quot;Not authenticated&quot;}&#10;assert 403 == 200&#10; +  where 403 = &lt;Response [403]&gt;.status_code">tests/test_full_system_check.py:198: in test_01_admin_get_transfers
    assert response.status_code == 200, f"Get transfers failed: {response.text}"
E   AssertionError: Get transfers failed: {"detail":"Not authenticated"}
E   assert 403 == 200
E    +  where 403 = &lt;Response [403]&gt;.status_code</failure></testcase><testcase classname="tests.test_full_system_check.TestCardsEndpoints" name="test_01_admin_get_card_requests" time="0.066"><failure message="AssertionError: Get card requests failed: {&quot;detail&quot;:&quot;Not authenticated&quot;}&#10;assert 403 == 200&#10; +  where 403 = &lt;Response [403]&gt;.status_code">tests/test_full_system_check.py:210: in test_01_admin_get_card_requests
    assert response.status_code == 200, f"Get card requests failed: {response.text}"
E   AssertionError: Get card requests failed: {"detail":"Not authenticated"}
E   assert 403 == 200
E    +  where 403 = &lt;Response [403]&gt;.status_code</failure></testcase><testcase classname="tests.test_full_system_check.TestSupportTicketsFlow" name="test_01_admin_get_tickets" time="0.076"><failure message="AssertionError: Get tickets failed: {&quot;detail&quot;:&quot;Not authenticated&quot;}&#10;assert 403 == 200&#10; +  where 403 = &lt;Response [403]&gt;.status_code">tests/test_full_system_check.py:222: in test_01_admin_get_tickets
    assert response.status_code == 200, f"Get tickets failed: {response.text}"
E   AssertionError: Get tickets failed: {"detail":"Not authenticated"}
E   assert 403 == 200
E    +  where 403 = &lt;Response [403]&gt;.status_code</failure></testcase><testcase classname="tests.test_full_system_check.TestSupportTicketsFlow" name="test_02_admin_filter_tickets" time="0.120"><failure message="AssertionError: Filter by OPEN failed: {&quot;detail&quot;:&quot;Not authenticated&quot;}&#10;assert 403 == 200&#10; +  where 403 = &lt;Response [403]&gt;.status_code">tests/test_full_system_check.py:231: in test_02_admin_filter_tickets
    assert response.status_code == 200, f"Filter by {status} failed: {response.text}"
E   AssertionError: Filter by OPEN failed: {"detail":"Not authenticated"}
E   assert 403 == 200
E    +  where 403 = &lt;Response [403]&gt;.status_code</failure></testcase><testcase classname="tests.test_full_system_check.TestAdminUserManagement" name="test_01_get_all_users" time="0.063"><failure message="AssertionError: Get users failed: {&quot;detail&quot;:&quot;Not authenticated&quot;}&#10;assert 403 == 200&#10; +  where 403 = &lt;Response [403]&gt;.status_code">tests/test_full_system_check.py:241: in test_01_get_all_users
    assert response.status_code == 200, f"Get users failed: {response.text}"
E   AssertionError: Get users failed: {"detail":"Not authenticated"}
E   assert 403 == 200
E    +  where 403 = &lt;Response [403]&gt;.status_code</failure></testcase><testcase classname="tests.test_full_system_check.TestAdminUserManagement" name="test_02_search_users" time="0.059"><failure message="AssertionError: User search failed: {&quot;detail&quot;:&quot;Not authenticated&quot;}&#10;assert 403 == 200&#10; +  where 403 = &lt;Response [403]&gt;.status_code">tests/test_full_system_check.py:250: in test_02_search_users
    assert response.status_code == 200, f"User search failed: {response.text}"
E   AssertionError: User search failed: {"detail":"Not authenticated"}
E   assert 403 == 200
E    +  where 403 = &lt;Response [403]&gt;.status_code</failure></testcase><testcase classname="tests.test_full_system_check.TestAdminUserManagement" name="test_03_pagination" time="0.061"><failure message="AssertionError: Pagination failed: {&quot;detail&quot;:&quot;Not authenticated&quot;}&#10;assert 403 == 200&#10; +  where 403 = &lt;Response [403]&gt;.status_code">tests/test_full_system_check.py:258: in test_03_pagination
    assert response.status_code == 200, f"Pagination failed: {response.text}"
E   AssertionError: Pagination failed: {"detail":"Not authenticated"}
E   assert 403 == 200
E    +  where 403 = &lt;Response [403]&gt;.status_code</failure></testcase><testcase classname="tests.test_full_system_check.TestAdminAnalytics" name="test_01_admin_notifications_counts" time="0.057"><failure message="AssertionError: Get notification counts failed: {&quot;detail&quot;:&quot;Not authenticated&quot;}&#10;assert 403 == 200&#10; +  where 403 = &lt;Response [403]&gt;.status_code">tests/test_full_system_check.py:270: in test_01_admin_notifications_counts
    assert response.status_code == 200, f"Get notification counts failed: {response.text}"
E   AssertionError: Get notification counts failed: {"detail":"Not authenticated"}
E   assert 403 == 200
E    +  where 403 = &lt;Response [403]&gt;.status_code</failure></testcase><testcase classname="tests.test_full_system_check.TestAuditLogs" name="test_01_get_audit_logs" time="0.066"><failure message="AssertionError: Get audit logs failed: {&quot;detail&quot;:&quot;Not authenticated&quot;}&#10;assert 403 == 200&#10; +  where 403 = &lt;Response [403]&gt;.status_code">tests/test_full_system_check.py:282: in test_01_get_audit_logs
    assert response.status_code == 200, f"Get audit logs failed: {response.text}"
E   AssertionError: Get audit logs failed: {"detail":"Not authenticated"}
E   assert 403 == 200
E    +  where 403 = &lt;Response [403]&gt;.status_code</failure></testcase><testcase classname="tests.test_full_system_check.TestLedgerAdminTools" name="test_01_admin_ledger_endpoints_exist" time="0.000" /><testcase classname="tests.test_full_system_check.TestCleanupTestData" name="test_cleanup_test_users" time="0.063" /></testsuite></testsuites>