<?xml version="1.0" encoding="utf-8"?><testsuites name="pytest tests"><testsuite name="pytest" errors="0" failures="3" skipped="5" tests="16" time="21.219" timestamp="2026-02-24T14:58:30.113546+00:00" hostname="agent-env-4d7c9539-ef33-4ac2-8fb9-aa0cbb2fa5c9"><testcase classname="backend.tests.test_kyc_review_hotfix.TestKYCReviewHotfix" name="test_01_admin_login_works" time="3.781" /><testcase classname="backend.tests.test_kyc_review_hotfix.TestKYCReviewHotfix" name="test_02_kyc_pending_queue_loads" time="1.189" /><testcase classname="backend.tests.test_kyc_review_hotfix.TestKYCReviewHotfix" name="test_03_kyc_review_approve_requires_iban" time="1.589" /><testcase classname="backend.tests.test_kyc_review_hotfix.TestKYCReviewHotfix" name="test_04_kyc_review_approve_requires_bic" time="1.683" /><testcase classname="backend.tests.test_kyc_review_hotfix.TestKYCReviewHotfix" name="test_05_kyc_review_needs_more_info_works" time="1.758" /><testcase classname="backend.tests.test_kyc_review_hotfix.TestKYCReviewHotfix" name="test_06_kyc_review_reject_works" time="0.974"><skipped type="pytest.skip" message="No pending KYC applications to test rejection">/app/backend/tests/test_kyc_review_hotfix.py:172: No pending KYC applications to test rejection</skipped></testcase><testcase classname="backend.tests.test_kyc_review_hotfix.TestKYCReviewHotfix" name="test_07_kyc_review_model_accepts_new_fields" time="1.139"><skipped type="pytest.skip" message="No pending KYC applications">/app/backend/tests/test_kyc_review_hotfix.py:217: No pending KYC applications</skipped></testcase><testcase classname="backend.tests.test_kyc_review_hotfix.TestKYCApprovalFlow" name="test_08_full_approval_flow_with_iban_bic" time="1.049"><skipped type="pytest.skip" message="No pending KYC applications to test approval">/app/backend/tests/test_kyc_review_hotfix.py:267: No pending KYC applications to test approval</skipped></testcase><testcase classname="backend.tests.test_kyc_review_hotfix.TestAdminOtherPages" name="test_09_admin_users_page" time="1.298" /><testcase classname="backend.tests.test_kyc_review_hotfix.TestAdminOtherPages" name="test_10_admin_accounts_page" time="0.870"><failure message="assert 404 == 200&#10; +  where 404 = &lt;Response [404]&gt;.status_code">backend/tests/test_kyc_review_hotfix.py:331: in test_10_admin_accounts_page
    assert response.status_code == 200
E   assert 404 == 200
E    +  where 404 = &lt;Response [404]&gt;.status_code</failure></testcase><testcase classname="backend.tests.test_kyc_review_hotfix.TestAdminOtherPages" name="test_11_admin_transfers_queue" time="0.769"><failure message="assert 405 == 200&#10; +  where 405 = &lt;Response [405]&gt;.status_code">backend/tests/test_kyc_review_hotfix.py:343: in test_11_admin_transfers_queue
    assert response.status_code == 200
E   assert 405 == 200
E    +  where 405 = &lt;Response [405]&gt;.status_code</failure></testcase><testcase classname="backend.tests.test_kyc_review_hotfix.TestAdminOtherPages" name="test_12_admin_support_tickets" time="0.767"><failure message="assert 404 == 200&#10; +  where 404 = &lt;Response [404]&gt;.status_code">backend/tests/test_kyc_review_hotfix.py:354: in test_12_admin_support_tickets
    assert response.status_code == 200
E   assert 404 == 200
E    +  where 404 = &lt;Response [404]&gt;.status_code</failure></testcase><testcase classname="backend.tests.test_kyc_review_hotfix.TestAdminOtherPages" name="test_13_admin_notification_counts" time="1.708" /><testcase classname="backend.tests.test_kyc_review_hotfix.TestIBANBICValidation" name="test_14_invalid_iban_format_rejected" time="0.953"><skipped type="pytest.skip" message="No pending KYC applications">/app/backend/tests/test_kyc_review_hotfix.py:397: No pending KYC applications</skipped></testcase><testcase classname="backend.tests.test_kyc_review_hotfix.TestIBANBICValidation" name="test_15_invalid_bic_format_rejected" time="0.983"><skipped type="pytest.skip" message="No pending KYC applications">/app/backend/tests/test_kyc_review_hotfix.py:421: No pending KYC applications</skipped></testcase><testcase classname="backend.tests.test_kyc_review_hotfix.TestIBANBICValidation" name="test_16_valid_iban_bic_accepted" time="0.596" /></testsuite></testsuites>