<?xml version="1.0" encoding="utf-8"?><testsuites name="pytest tests"><testsuite name="pytest" errors="0" failures="0" skipped="0" tests="14" time="7.749" timestamp="2026-02-20T15:02:06.183297+00:00" hostname="agent-env-071d8886-7726-4435-8a57-eacd6d015b2d"><testcase classname="backend.tests.test_admin_notification_counts.TestAdminNotificationCounts" name="test_endpoint_returns_200_for_admin" time="1.123" /><testcase classname="backend.tests.test_admin_notification_counts.TestAdminNotificationCounts" name="test_endpoint_returns_all_required_fields" time="0.351" /><testcase classname="backend.tests.test_admin_notification_counts.TestAdminNotificationCounts" name="test_all_counts_are_integers" time="0.440" /><testcase classname="backend.tests.test_admin_notification_counts.TestAdminNotificationCounts" name="test_all_counts_are_non_negative" time="0.392" /><testcase classname="backend.tests.test_admin_notification_counts.TestAdminNotificationCounts" name="test_endpoint_requires_authentication" time="0.131" /><testcase classname="backend.tests.test_admin_notification_counts.TestAdminNotificationCounts" name="test_endpoint_requires_admin_role" time="0.991" /><testcase classname="backend.tests.test_admin_notification_counts.TestAdminNotificationCounts" name="test_endpoint_response_time_is_acceptable" time="0.332" /><testcase classname="backend.tests.test_admin_notification_counts.TestAdminNotificationCounts" name="test_endpoint_is_idempotent" time="0.946" /><testcase classname="backend.tests.test_admin_notification_counts.TestAdminNotificationCounts" name="test_response_has_correct_content_type" time="0.360" /><testcase classname="backend.tests.test_admin_notification_counts.TestNotificationCountsDataValidation" name="test_kyc_pending_count_is_realistic" time="1.024" /><testcase classname="backend.tests.test_admin_notification_counts.TestNotificationCountsDataValidation" name="test_transfers_pending_count_is_realistic" time="0.436" /><testcase classname="backend.tests.test_admin_notification_counts.TestNotificationCountsDataValidation" name="test_card_requests_pending_count_is_realistic" time="0.340" /><testcase classname="backend.tests.test_admin_notification_counts.TestNotificationCountsDataValidation" name="test_tickets_unread_count_is_realistic" time="0.460" /><testcase classname="backend.tests.test_admin_notification_counts.TestNotificationCountsDataValidation" name="test_users_pending_count_is_realistic" time="0.366" /></testsuite></testsuites>