<?xml version="1.0" encoding="utf-8"?><testsuites name="pytest tests"><testsuite name="pytest" errors="0" failures="0" skipped="0" tests="17" time="22.668" timestamp="2026-02-24T12:55:12.864883+00:00" hostname="agent-env-4d7c9539-ef33-4ac2-8fb9-aa0cbb2fa5c9"><testcase classname="backend.tests.test_p0_hotfix_regression.TestAuth" name="test_admin_login" time="4.535" /><testcase classname="backend.tests.test_p0_hotfix_regression.TestAuth" name="test_auth_me" time="0.554" /><testcase classname="backend.tests.test_p0_hotfix_regression.TestKYCHotfix" name="test_kyc_pending_endpoint_returns_200" time="1.274" /><testcase classname="backend.tests.test_p0_hotfix_regression.TestKYCHotfix" name="test_kyc_pending_has_personal_info_fields" time="0.670" /><testcase classname="backend.tests.test_p0_hotfix_regression.TestKYCHotfix" name="test_kyc_pending_has_documents" time="0.674" /><testcase classname="backend.tests.test_p0_hotfix_regression.TestTaxHoldHotfix" name="test_tax_hold_endpoint_returns_200" time="1.126" /><testcase classname="backend.tests.test_p0_hotfix_regression.TestTaxHoldHotfix" name="test_tax_hold_returns_correct_amount" time="0.530" /><testcase classname="backend.tests.test_p0_hotfix_regression.TestAdminOverview" name="test_admin_overview_loads" time="2.221" /><testcase classname="backend.tests.test_p0_hotfix_regression.TestAdminUsers" name="test_users_list_loads" time="1.371" /><testcase classname="backend.tests.test_p0_hotfix_regression.TestAdminAccounts" name="test_accounts_list_loads" time="1.374" /><testcase classname="backend.tests.test_p0_hotfix_regression.TestAdminCardRequests" name="test_card_requests_loads" time="1.289" /><testcase classname="backend.tests.test_p0_hotfix_regression.TestAdminTransfersQueue" name="test_transfers_submitted_tab" time="1.332" /><testcase classname="backend.tests.test_p0_hotfix_regression.TestAdminTransfersQueue" name="test_transfers_completed_tab" time="0.774" /><testcase classname="backend.tests.test_p0_hotfix_regression.TestAdminTransfersQueue" name="test_transfers_rejected_tab" time="0.766" /><testcase classname="backend.tests.test_p0_hotfix_regression.TestAdminSupportTickets" name="test_tickets_list_loads" time="1.238" /><testcase classname="backend.tests.test_p0_hotfix_regression.TestAdminAuditLogs" name="test_audit_logs_load" time="1.138" /><testcase classname="backend.tests.test_p0_hotfix_regression.TestNotifications" name="test_notification_counts" time="1.731" /></testsuite></testsuites>