<?xml version="1.0" encoding="utf-8"?><testsuites name="pytest tests"><testsuite name="pytest" errors="0" failures="0" skipped="0" tests="14" time="13.099" timestamp="2026-02-20T13:56:53.801750+00:00" hostname="agent-env-917cb0b2-7f01-49fd-b1fe-dbbbb146b700"><testcase classname="backend.tests.test_performance_optimization.TestAuthentication" name="test_admin_login" time="2.777" /><testcase classname="backend.tests.test_performance_optimization.TestAuthentication" name="test_customer_login" time="0.604" /><testcase classname="backend.tests.test_performance_optimization.TestDashboardPerformance" name="test_get_accounts" time="1.184" /><testcase classname="backend.tests.test_performance_optimization.TestDashboardPerformance" name="test_monthly_spending_performance" time="0.717" /><testcase classname="backend.tests.test_performance_optimization.TestDashboardPerformance" name="test_monthly_spending_value" time="0.679" /><testcase classname="backend.tests.test_performance_optimization.TestDashboardPerformance" name="test_get_transactions" time="1.327" /><testcase classname="backend.tests.test_performance_optimization.TestCustomerTicketsPerformance" name="test_get_customer_tickets_list" time="0.449" /><testcase classname="backend.tests.test_performance_optimization.TestCustomerTicketsPerformance" name="test_get_single_ticket_full_messages" time="0.937" /><testcase classname="backend.tests.test_performance_optimization.TestAdminTicketsPerformance" name="test_get_admin_tickets_list" time="1.268" /><testcase classname="backend.tests.test_performance_optimization.TestAdminTicketsPerformance" name="test_get_admin_tickets_with_filter" time="0.545" /><testcase classname="backend.tests.test_performance_optimization.TestAdminTicketsPerformance" name="test_get_single_admin_ticket" time="0.927" /><testcase classname="backend.tests.test_performance_optimization.TestAdminTicketsPerformance" name="test_admin_ticket_unread_counts" time="0.468" /><testcase classname="backend.tests.test_performance_optimization.TestPreviousFixes" name="test_transfers_queue_accessible" time="0.675" /><testcase classname="backend.tests.test_performance_optimization.TestPreviousFixes" name="test_card_requests_accessible" time="0.455" /></testsuite></testsuites>