<?xml version="1.0" encoding="utf-8"?><testsuites name="pytest tests"><testsuite name="pytest" errors="0" failures="0" skipped="0" tests="19" time="21.079" timestamp="2026-02-23T14:35:45.663917+00:00" hostname="agent-env-fcf37be6-071e-420a-9d0f-14d43277216c"><testcase classname="backend.tests.test_phone_registration_validation.TestPhoneRequiredForRegistration" name="test_registration_without_phone_blocked_by_backend" time="2.115" /><testcase classname="backend.tests.test_phone_registration_validation.TestPhoneRequiredForRegistration" name="test_registration_with_empty_phone_blocked" time="0.148" /><testcase classname="backend.tests.test_phone_registration_validation.TestPhoneRequiredForRegistration" name="test_registration_with_whitespace_phone_blocked" time="0.120" /><testcase classname="backend.tests.test_phone_registration_validation.TestPhoneRequiredForRegistration" name="test_registration_with_too_short_phone_blocked" time="0.136" /><testcase classname="backend.tests.test_phone_registration_validation.TestPhoneRequiredForRegistration" name="test_registration_with_valid_phone_succeeds" time="1.083" /><testcase classname="backend.tests.test_phone_registration_validation.TestPhoneRequiredForRegistration" name="test_registration_with_italy_phone_format_succeeds" time="0.986" /><testcase classname="backend.tests.test_phone_registration_validation.TestPhoneRequiredForRegistration" name="test_registration_with_german_phone_format_succeeds" time="0.915" /><testcase classname="backend.tests.test_phone_registration_validation.TestPhoneRequiredForRegistration" name="test_registration_with_us_phone_format_succeeds" time="0.877" /><testcase classname="backend.tests.test_phone_registration_validation.TestExistingUserWithoutPhoneCanLogin" name="test_existing_user_login_success" time="0.612" /><testcase classname="backend.tests.test_phone_registration_validation.TestExistingUserWithoutPhoneCanLogin" name="test_existing_user_profile_loads" time="0.639" /><testcase classname="backend.tests.test_phone_registration_validation.TestAdminPanelSections" name="test_admin_users_page_loads" time="1.463" /><testcase classname="backend.tests.test_phone_registration_validation.TestAdminPanelSections" name="test_admin_analytics_overview_loads" time="1.686" /><testcase classname="backend.tests.test_phone_registration_validation.TestAdminPanelSections" name="test_admin_kyc_queue_loads" time="1.090" /><testcase classname="backend.tests.test_phone_registration_validation.TestAdminPanelSections" name="test_admin_accounts_loads" time="1.533" /><testcase classname="backend.tests.test_phone_registration_validation.TestAdminPanelSections" name="test_admin_transfers_loads" time="1.409" /><testcase classname="backend.tests.test_phone_registration_validation.TestAdminPanelSections" name="test_admin_tickets_loads" time="1.834" /><testcase classname="backend.tests.test_phone_registration_validation.TestAdminPanelSections" name="test_admin_audit_logs_loads" time="1.399" /><testcase classname="backend.tests.test_phone_registration_validation.TestPhoneDisplayInAdminPanel" name="test_users_with_phone_show_phone" time="1.458" /><testcase classname="backend.tests.test_phone_registration_validation.TestPhoneDisplayInAdminPanel" name="test_users_without_phone_return_null" time="1.492" /></testsuite></testsuites>