<?xml version="1.0" encoding="utf-8"?><testsuites name="pytest tests"><testsuite name="pytest" errors="0" failures="0" skipped="0" tests="9" time="10.049" timestamp="2026-02-23T16:47:30.419128+00:00" hostname="agent-env-ec216d4a-a3c4-4810-bd51-8dbe32ffe71c"><testcase classname="backend.tests.test_refactor_regression.TestHealthEndpoints" name="test_health_endpoint" time="0.479" /><testcase classname="backend.tests.test_refactor_regression.TestHealthEndpoints" name="test_db_health_endpoint" time="0.472" /><testcase classname="backend.tests.test_refactor_regression.TestAdminLogin" name="test_admin_login" time="0.634" /><testcase classname="backend.tests.test_refactor_regression.TestAuditLogs" name="test_audit_logs_endpoint" time="1.105" /><testcase classname="backend.tests.test_refactor_regression.TestAuditLogs" name="test_audit_logs_filter_by_entity_type" time="1.273" /><testcase classname="backend.tests.test_refactor_regression.TestAdminUsersEndpoint" name="test_get_users_paginated" time="1.385" /><testcase classname="backend.tests.test_refactor_regression.TestAdminUsersEndpoint" name="test_get_users_search" time="1.369" /><testcase classname="backend.tests.test_refactor_regression.TestAdminUsersEndpoint" name="test_get_single_user_details" time="2.142" /><testcase classname="backend.tests.test_refactor_regression.TestKYCQueue" name="test_get_pending_kyc" time="1.117" /></testsuite></testsuites>