<?xml version="1.0" encoding="utf-8"?><testsuites name="pytest tests"><testsuite name="pytest" errors="0" failures="0" skipped="0" tests="17" time="18.709" timestamp="2026-02-23T14:06:10.375439+00:00" hostname="agent-env-c78a0c34-51c9-4ef6-aea6-d51ae7e73b65"><testcase classname="backend.tests.test_soft_delete_transfers.TestSoftDeleteTransfers" name="test_01_super_admin_login_returns_super_admin_role" time="3.062" /><testcase classname="backend.tests.test_soft_delete_transfers.TestSoftDeleteTransfers" name="test_02_transfers_queue_submitted_tab_loads" time="0.793" /><testcase classname="backend.tests.test_soft_delete_transfers.TestSoftDeleteTransfers" name="test_03_transfers_queue_completed_tab_loads" time="0.675" /><testcase classname="backend.tests.test_soft_delete_transfers.TestSoftDeleteTransfers" name="test_04_transfers_queue_rejected_tab_loads" time="0.755" /><testcase classname="backend.tests.test_soft_delete_transfers.TestSoftDeleteTransfers" name="test_05_transfer_pagination_works" time="1.366" /><testcase classname="backend.tests.test_soft_delete_transfers.TestSoftDeleteTransfers" name="test_06_transfer_search_works" time="0.790" /><testcase classname="backend.tests.test_soft_delete_transfers.TestSoftDeleteTransfers" name="test_07_non_super_admin_cannot_delete_transfer" time="1.757" /><testcase classname="backend.tests.test_soft_delete_transfers.TestSoftDeleteTransfers" name="test_08_notification_counts_endpoint_works" time="1.187" /><testcase classname="backend.tests.test_soft_delete_transfers.TestSoftDeleteTransfers" name="test_09_get_audit_logs_for_transfers" time="0.357" /><testcase classname="backend.tests.test_soft_delete_transfers.TestSoftDeleteEndToEnd" name="test_10_soft_delete_transfer" time="2.143" /><testcase classname="backend.tests.test_soft_delete_transfers.TestSoftDeleteEndToEnd" name="test_11_soft_deleted_transfer_not_in_list" time="0.704" /><testcase classname="backend.tests.test_soft_delete_transfers.TestSoftDeleteEndToEnd" name="test_12_soft_delete_idempotent" time="0.362" /><testcase classname="backend.tests.test_soft_delete_transfers.TestSoftDeleteEndToEnd" name="test_13_audit_log_shows_soft_delete_event" time="0.351" /><testcase classname="backend.tests.test_soft_delete_transfers.TestSoftDeleteEndToEnd" name="test_14_search_excludes_soft_deleted" time="0.781" /><testcase classname="backend.tests.test_soft_delete_transfers.TestRegressionTransferFeatures" name="test_15_transfer_detail_panel_opens" time="1.298" /><testcase classname="backend.tests.test_soft_delete_transfers.TestRegressionTransferFeatures" name="test_16_notification_counts_exclude_soft_deleted" time="1.899" /><testcase classname="backend.tests.test_soft_delete_transfers.TestRegressionTransferFeatures" name="test_17_delete_nonexistent_transfer_returns_404" time="0.354" /></testsuite></testsuites>