<?xml version="1.0" encoding="utf-8"?><testsuites name="pytest tests"><testsuite name="pytest" errors="0" failures="0" skipped="0" tests="14" time="14.137" timestamp="2026-02-24T09:52:05.758999+00:00" hostname="agent-env-97a3304b-feca-4836-b395-e12d963e0900"><testcase classname="tests.test_transfer_restore_feature.TestDeletedTransfersTab" name="test_get_deleted_transfers_endpoint_exists" time="5.690" /><testcase classname="tests.test_transfer_restore_feature.TestDeletedTransfersTab" name="test_deleted_transfers_have_deletion_metadata" time="0.790" /><testcase classname="tests.test_transfer_restore_feature.TestDeletedTransfersTab" name="test_deleted_transfers_pagination" time="0.756" /><testcase classname="tests.test_transfer_restore_feature.TestRestoreEndpoint" name="test_restore_requires_super_admin" time="0.329" /><testcase classname="tests.test_transfer_restore_feature.TestRestoreEndpoint" name="test_restore_endpoint_exists" time="0.327" /><testcase classname="tests.test_transfer_restore_feature.TestRestoreEndpoint" name="test_restore_without_auth_returns_403" time="0.132" /><testcase classname="tests.test_transfer_restore_feature.TestOtherTabsRegression" name="test_submitted_tab_still_works" time="0.871" /><testcase classname="tests.test_transfer_restore_feature.TestOtherTabsRegression" name="test_completed_tab_still_works" time="0.769" /><testcase classname="tests.test_transfer_restore_feature.TestOtherTabsRegression" name="test_rejected_tab_still_works" time="0.790" /><testcase classname="tests.test_transfer_restore_feature.TestOtherTabsRegression" name="test_search_still_works" time="0.884" /><testcase classname="tests.test_transfer_restore_feature.TestOtherTabsRegression" name="test_pagination_params_work" time="0.781" /><testcase classname="tests.test_transfer_restore_feature.TestSoftDeleteExclusion" name="test_submitted_excludes_deleted" time="0.865" /><testcase classname="tests.test_transfer_restore_feature.TestSoftDeleteExclusion" name="test_completed_excludes_deleted" time="0.767" /><testcase classname="tests.test_transfer_restore_feature.TestRestoreEndpointErrorHandling" name="test_restore_nonexistent_transfer_check" time="0.320" /></testsuite></testsuites>