<?xml version="1.0" encoding="utf-8"?><testsuites name="pytest tests"><testsuite name="pytest" errors="0" failures="0" skipped="0" tests="19" time="12.435" timestamp="2026-02-20T14:49:29.468114+00:00" hostname="agent-env-071d8886-7726-4435-8a57-eacd6d015b2d"><testcase classname="tests.test_transfer_email_disclaimer_removal.TestEmailDisclaimerRemoval" name="test_01_transfer_confirmation_email_no_disclaimer_in_html" time="0.076" /><testcase classname="tests.test_transfer_email_disclaimer_removal.TestEmailDisclaimerRemoval" name="test_02_transfer_rejected_email_no_disclaimer_in_html" time="0.001" /><testcase classname="tests.test_transfer_email_disclaimer_removal.TestEmailDisclaimerRemoval" name="test_03_transfer_confirmation_email_still_has_security_warning" time="0.001" /><testcase classname="tests.test_transfer_email_disclaimer_removal.TestEmailDisclaimerRemoval" name="test_04_transfer_rejected_email_still_has_security_warning" time="0.001" /><testcase classname="tests.test_transfer_email_disclaimer_removal.TestEmailDisclaimerRemoval" name="test_05_transfer_confirmation_email_has_view_details_button" time="0.001" /><testcase classname="tests.test_transfer_email_disclaimer_removal.TestEmailDisclaimerRemoval" name="test_06_transfer_rejected_email_has_contact_support_button" time="0.001" /><testcase classname="tests.test_transfer_email_disclaimer_removal.TestEmailDisclaimerRemoval" name="test_07_disclaimer_translations_exist_but_unused" time="0.002" /><testcase classname="tests.test_transfer_email_disclaimer_removal.TestTransferWorkflows" name="test_08_user_login_success" time="0.640" /><testcase classname="tests.test_transfer_email_disclaimer_removal.TestTransferWorkflows" name="test_09_admin_login_success" time="0.662" /><testcase classname="tests.test_transfer_email_disclaimer_removal.TestTransferWorkflows" name="test_10_create_transfer_sends_confirmation_email" time="1.954" /><testcase classname="tests.test_transfer_email_disclaimer_removal.TestTransferWorkflows" name="test_11_admin_reject_transfer_sends_rejection_email" time="5.945" /><testcase classname="tests.test_transfer_email_disclaimer_removal.TestTransferWorkflows" name="test_12_idempotency_re_reject_returns_error" time="0.388" /><testcase classname="tests.test_transfer_email_disclaimer_removal.TestTransferWorkflows" name="test_13_approval_workflow_still_works" time="2.701" /><testcase classname="tests.test_transfer_email_disclaimer_removal.TestEmailContentVerification" name="test_14_transfer_confirmation_has_branding" time="0.001" /><testcase classname="tests.test_transfer_email_disclaimer_removal.TestEmailContentVerification" name="test_15_transfer_rejected_has_branding" time="0.001" /><testcase classname="tests.test_transfer_email_disclaimer_removal.TestEmailContentVerification" name="test_16_transfer_confirmation_has_transfer_details" time="0.001" /><testcase classname="tests.test_transfer_email_disclaimer_removal.TestEmailContentVerification" name="test_17_transfer_rejected_has_transfer_details" time="0.001" /><testcase classname="tests.test_transfer_email_disclaimer_removal.TestEmailContentVerification" name="test_18_email_translations_en_complete" time="0.000" /><testcase classname="tests.test_transfer_email_disclaimer_removal.TestEmailContentVerification" name="test_19_email_translations_it_complete" time="0.000" /></testsuite></testsuites>