<?xml version="1.0" encoding="utf-8"?><testsuites name="pytest tests"><testsuite name="pytest" errors="0" failures="0" skipped="0" tests="22" time="16.895" timestamp="2026-02-20T14:43:30.748111+00:00" hostname="agent-env-071d8886-7726-4435-8a57-eacd6d015b2d"><testcase classname="tests.test_transfer_rejection_email.TestTransferRejectionEmail" name="test_01_user_login_success" time="2.211" /><testcase classname="tests.test_transfer_rejection_email.TestTransferRejectionEmail" name="test_02_admin_login_success" time="0.621" /><testcase classname="tests.test_transfer_rejection_email.TestTransferRejectionEmail" name="test_03_create_transfer_no_rejection_email" time="2.074" /><testcase classname="tests.test_transfer_rejection_email.TestTransferRejectionEmail" name="test_04_admin_reject_transfer_triggers_email" time="5.870" /><testcase classname="tests.test_transfer_rejection_email.TestTransferRejectionEmail" name="test_05_idempotency_re_reject_returns_error" time="0.330" /><testcase classname="tests.test_transfer_rejection_email.TestTransferRejectionEmail" name="test_06_approval_does_not_trigger_rejection_email" time="2.615" /><testcase classname="tests.test_transfer_rejection_email.TestTransferRejectionEmail" name="test_07_admin_transfers_queue_shows_rejected_correctly" time="0.707" /><testcase classname="tests.test_transfer_rejection_email.TestTransferRejectionEmail" name="test_08_email_translations_english" time="0.063" /><testcase classname="tests.test_transfer_rejection_email.TestTransferRejectionEmail" name="test_09_email_translations_italian" time="0.000" /><testcase classname="tests.test_transfer_rejection_email.TestTransferRejectionEmail" name="test_10_email_content_no_rejection_reason" time="0.003" /><testcase classname="tests.test_transfer_rejection_email.TestTransferRejectionEmail" name="test_11_email_includes_masked_iban" time="0.001" /><testcase classname="tests.test_transfer_rejection_email.TestTransferRejectionEmail" name="test_12_email_includes_required_fields" time="0.001" /><testcase classname="tests.test_transfer_rejection_email.TestTransferRejectionEmail" name="test_13_email_cta_links_to_support" time="0.001" /><testcase classname="tests.test_transfer_rejection_email.TestTransferRejectionEmail" name="test_14_transfer_schema_has_rejection_email_fields" time="0.007" /><testcase classname="tests.test_transfer_rejection_email.TestTransferRejectionEmail" name="test_15_reject_transfer_sets_idempotency_flag" time="0.193" /><testcase classname="tests.test_transfer_rejection_email.TestTransferRejectionEmail" name="test_16_email_failure_does_not_block_rejection" time="0.002" /><testcase classname="tests.test_transfer_rejection_email.TestTransferRejectionEmail" name="test_17_get_admin_transfers_submitted_status" time="0.678" /><testcase classname="tests.test_transfer_rejection_email.TestTransferRejectionEmail" name="test_18_get_admin_transfers_completed_status" time="0.733" /><testcase classname="tests.test_transfer_rejection_email.TestTransferRejectionEmail" name="test_19_rejection_email_sent_flag_in_rejected_transfer" time="0.693" /><testcase classname="tests.test_transfer_rejection_email.TestEmailServiceDirectly" name="test_mask_iban_function_logic" time="0.000" /><testcase classname="tests.test_transfer_rejection_email.TestEmailServiceDirectly" name="test_amount_formatting" time="0.000" /><testcase classname="tests.test_transfer_rejection_email.TestEmailServiceDirectly" name="test_email_service_method_exists" time="0.000" /></testsuite></testsuites>