<?xml version="1.0" encoding="utf-8"?><testsuites name="pytest tests"><testsuite name="pytest" errors="0" failures="13" skipped="0" tests="14" time="5.513" timestamp="2026-02-24T09:51:43.538845+00:00" hostname="agent-env-97a3304b-feca-4836-b395-e12d963e0900"><testcase classname="tests.test_transfer_restore_feature.TestDeletedTransfersTab" name="test_get_deleted_transfers_endpoint_exists" time="4.025"><failure message="AssertionError: Expected 200, got 401: {&quot;detail&quot;:&quot;Invalid token&quot;}&#10;assert 401 == 200&#10; +  where 401 = &lt;Response [401]&gt;.status_code">tests/test_transfer_restore_feature.py:59: in test_get_deleted_transfers_endpoint_exists
    assert response.status_code == 200, f"Expected 200, got {response.status_code}: {response.text}"
E   AssertionError: Expected 200, got 401: {"detail":"Invalid token"}
E   assert 401 == 200
E    +  where 401 = &lt;Response [401]&gt;.status_code</failure></testcase><testcase classname="tests.test_transfer_restore_feature.TestDeletedTransfersTab" name="test_deleted_transfers_have_deletion_metadata" time="0.106"><failure message="assert 401 == 200&#10; +  where 401 = &lt;Response [401]&gt;.status_code">tests/test_transfer_restore_feature.py:73: in test_deleted_transfers_have_deletion_metadata
    assert response.status_code == 200
E   assert 401 == 200
E    +  where 401 = &lt;Response [401]&gt;.status_code</failure></testcase><testcase classname="tests.test_transfer_restore_feature.TestDeletedTransfersTab" name="test_deleted_transfers_pagination" time="0.098"><failure message="assert 401 == 200&#10; +  where 401 = &lt;Response [401]&gt;.status_code">tests/test_transfer_restore_feature.py:93: in test_deleted_transfers_pagination
    assert response.status_code == 200
E   assert 401 == 200
E    +  where 401 = &lt;Response [401]&gt;.status_code</failure></testcase><testcase classname="tests.test_transfer_restore_feature.TestRestoreEndpoint" name="test_restore_requires_super_admin" time="0.098"><failure message="AssertionError: Expected 403 for ADMIN user, got 401: {&quot;detail&quot;:&quot;Invalid token&quot;}&#10;assert 401 == 403&#10; +  where 401 = &lt;Response [401]&gt;.status_code">tests/test_transfer_restore_feature.py:117: in test_restore_requires_super_admin
    assert response.status_code == 403, f"Expected 403 for ADMIN user, got {response.status_code}: {response.text}"
E   AssertionError: Expected 403 for ADMIN user, got 401: {"detail":"Invalid token"}
E   assert 401 == 403
E    +  where 401 = &lt;Response [401]&gt;.status_code</failure></testcase><testcase classname="tests.test_transfer_restore_feature.TestRestoreEndpoint" name="test_restore_endpoint_exists" time="0.102"><failure message="AssertionError: Expected 403 or 404, got 401&#10;assert 401 in [403, 404]&#10; +  where 401 = &lt;Response [401]&gt;.status_code">tests/test_transfer_restore_feature.py:128: in test_restore_endpoint_exists
    assert response.status_code in [403, 404], f"Expected 403 or 404, got {response.status_code}"
E   AssertionError: Expected 403 or 404, got 401
E   assert 401 in [403, 404]
E    +  where 401 = &lt;Response [401]&gt;.status_code</failure></testcase><testcase classname="tests.test_transfer_restore_feature.TestRestoreEndpoint" name="test_restore_without_auth_returns_403" time="0.093" /><testcase classname="tests.test_transfer_restore_feature.TestOtherTabsRegression" name="test_submitted_tab_still_works" time="0.098"><failure message="assert 401 == 200&#10; +  where 401 = &lt;Response [401]&gt;.status_code">tests/test_transfer_restore_feature.py:152: in test_submitted_tab_still_works
    assert response.status_code == 200
E   assert 401 == 200
E    +  where 401 = &lt;Response [401]&gt;.status_code</failure></testcase><testcase classname="tests.test_transfer_restore_feature.TestOtherTabsRegression" name="test_completed_tab_still_works" time="0.099"><failure message="assert 401 == 200&#10; +  where 401 = &lt;Response [401]&gt;.status_code">tests/test_transfer_restore_feature.py:165: in test_completed_tab_still_works
    assert response.status_code == 200
E   assert 401 == 200
E    +  where 401 = &lt;Response [401]&gt;.status_code</failure></testcase><testcase classname="tests.test_transfer_restore_feature.TestOtherTabsRegression" name="test_rejected_tab_still_works" time="0.097"><failure message="assert 401 == 200&#10; +  where 401 = &lt;Response [401]&gt;.status_code">tests/test_transfer_restore_feature.py:177: in test_rejected_tab_still_works
    assert response.status_code == 200
E   assert 401 == 200
E    +  where 401 = &lt;Response [401]&gt;.status_code</failure></testcase><testcase classname="tests.test_transfer_restore_feature.TestOtherTabsRegression" name="test_search_still_works" time="0.102"><failure message="assert 401 == 200&#10; +  where 401 = &lt;Response [401]&gt;.status_code">tests/test_transfer_restore_feature.py:189: in test_search_still_works
    assert response.status_code == 200
E   assert 401 == 200
E    +  where 401 = &lt;Response [401]&gt;.status_code</failure></testcase><testcase classname="tests.test_transfer_restore_feature.TestOtherTabsRegression" name="test_pagination_params_work" time="0.099"><failure message="assert 401 == 200&#10; +  where 401 = &lt;Response [401]&gt;.status_code">tests/test_transfer_restore_feature.py:201: in test_pagination_params_work
    assert response.status_code == 200
E   assert 401 == 200
E    +  where 401 = &lt;Response [401]&gt;.status_code</failure></testcase><testcase classname="tests.test_transfer_restore_feature.TestSoftDeleteExclusion" name="test_submitted_excludes_deleted" time="0.150"><failure message="assert 401 == 200&#10; +  where 401 = &lt;Response [401]&gt;.status_code">tests/test_transfer_restore_feature.py:218: in test_submitted_excludes_deleted
    assert response.status_code == 200
E   assert 401 == 200
E    +  where 401 = &lt;Response [401]&gt;.status_code</failure></testcase><testcase classname="tests.test_transfer_restore_feature.TestSoftDeleteExclusion" name="test_completed_excludes_deleted" time="0.091"><failure message="assert 401 == 200&#10; +  where 401 = &lt;Response [401]&gt;.status_code">tests/test_transfer_restore_feature.py:233: in test_completed_excludes_deleted
    assert response.status_code == 200
E   assert 401 == 200
E    +  where 401 = &lt;Response [401]&gt;.status_code</failure></testcase><testcase classname="tests.test_transfer_restore_feature.TestRestoreEndpointErrorHandling" name="test_restore_nonexistent_transfer_check" time="0.129"><failure message="AssertionError: Expected 403 for ADMIN, got 401&#10;assert 401 == 403&#10; +  where 401 = &lt;Response [401]&gt;.status_code">tests/test_transfer_restore_feature.py:257: in test_restore_nonexistent_transfer_check
    assert response.status_code == 403, f"Expected 403 for ADMIN, got {response.status_code}"
E   AssertionError: Expected 403 for ADMIN, got 401
E   assert 401 == 403
E    +  where 401 = &lt;Response [401]&gt;.status_code</failure></testcase></testsuite></testsuites>