<?xml version="1.0" encoding="utf-8"?><testsuites name="pytest tests"><testsuite name="pytest" errors="0" failures="0" skipped="0" tests="11" time="14.191" timestamp="2026-03-09T12:46:35.764477+00:00" hostname="agent-env-09e17685-c125-4883-97bc-75449c4a3798"><testcase classname="backend.tests.test_view_file_proxy.TestViewFileProxyEndpoint" name="test_view_file_requires_auth" time="4.648" /><testcase classname="backend.tests.test_view_file_proxy.TestViewFileProxyEndpoint" name="test_view_file_returns_pdf_content" time="1.089" /><testcase classname="backend.tests.test_view_file_proxy.TestViewFileProxyEndpoint" name="test_view_file_rejects_non_cloudinary_url" time="1.379" /><testcase classname="backend.tests.test_view_file_proxy.TestViewFileProxyEndpoint" name="test_view_file_with_admin_token" time="0.922" /><testcase classname="backend.tests.test_view_file_proxy.TestClientLoginAndTickets" name="test_client_login" time="0.609" /><testcase classname="backend.tests.test_view_file_proxy.TestClientLoginAndTickets" name="test_client_can_fetch_tickets" time="1.055" /><testcase classname="backend.tests.test_view_file_proxy.TestClientLoginAndTickets" name="test_client_can_fetch_ticket_details" time="1.083" /><testcase classname="backend.tests.test_view_file_proxy.TestAdminLoginAndTickets" name="test_admin_login" time="0.604" /><testcase classname="backend.tests.test_view_file_proxy.TestAdminLoginAndTickets" name="test_admin_can_fetch_all_tickets" time="1.553" /><testcase classname="backend.tests.test_view_file_proxy.TestAdminLoginAndTickets" name="test_admin_can_fetch_ticket_details" time="1.056" /><testcase classname="backend.tests.test_view_file_proxy.TestAttachmentURLs" name="test_cloudinary_url_accessible" time="0.124" /></testsuite></testsuites>